<?xml version="1.0" encoding="UTF-8"?>
<!-- Generated by org.testng.reporters.JUnitXMLReporter -->
<testsuite ignored="1" hostname="DESKTOP-JC5UOC0" failures="0" tests="1" name="Default test" time="12.557" errors="0" timestamp="2026-03-08T20:54:02 IST">
  <testcase classname="com.lwdd.tests.LoginTest" name="validUserLogin" time="3.922"/>
  <testcase classname="com.lwdd.tests.LoginTest" name="invalidUserLogin" time="0.0">
    <ignored/>
  </testcase> <!-- invalidUserLogin -->
</testsuite> <!-- Default test -->
