<?xml version="1.0" encoding="UTF-8"?>
<testng-results ignored="0" total="1" passed="1" failed="0" skipped="0">
  <reporter-output>
  </reporter-output>
  <suite started-at="2026-03-08T22:16:46 IST" name="Default suite" finished-at="2026-03-08T22:16:53 IST" duration-ms="6786">
    <groups>
    </groups>
    <test started-at="2026-03-08T22:16:46 IST" name="Default test" finished-at="2026-03-08T22:16:53 IST" duration-ms="6786">
      <class name="com.lwdd.tests.LogoutTest">
        <test-method is-config="true" signature="initBrowser()[pri:0, instance:com.lwdd.tests.LogoutTest@7fa98a66]" started-at="2026-03-08T22:16:46 IST" name="initBrowser" finished-at="2026-03-08T22:16:50 IST" duration-ms="4466" status="PASS">
          <reporter-output>
          </reporter-output>
        </test-method> <!-- initBrowser -->
        <test-method signature="userLogoutTest()[pri:3, instance:com.lwdd.tests.LogoutTest@7fa98a66]" started-at="2026-03-08T22:16:50 IST" name="userLogoutTest" description="Test case 3: LogoutTest test" finished-at="2026-03-08T22:16:52 IST" duration-ms="1993" status="PASS">
          <reporter-output>
          </reporter-output>
        </test-method> <!-- userLogoutTest -->
        <test-method is-config="true" signature="quiteBrowser()[pri:0, instance:com.lwdd.tests.LogoutTest@7fa98a66]" started-at="2026-03-08T22:16:52 IST" name="quiteBrowser" finished-at="2026-03-08T22:16:53 IST" duration-ms="252" status="PASS">
          <reporter-output>
          </reporter-output>
        </test-method> <!-- quiteBrowser -->
      </class> <!-- com.lwdd.tests.LogoutTest -->
    </test> <!-- Default test -->
  </suite> <!-- Default suite -->
</testng-results>
