<?xml version="1.0" encoding="UTF-8"?>
<testng-results ignored="1" total="2" passed="1" failed="0" skipped="0">
  <reporter-output>
  </reporter-output>
  <suite started-at="2026-03-08T20:53:50 IST" name="Default suite" finished-at="2026-03-08T20:54:02 IST" duration-ms="12557">
    <groups>
    </groups>
    <test started-at="2026-03-08T20:53:50 IST" name="Default test" finished-at="2026-03-08T20:54:02 IST" duration-ms="12557">
      <class name="com.lwdd.tests.LoginTest">
        <test-method is-config="true" signature="initBrowser()[pri:0, instance:com.lwdd.tests.LoginTest@3ce1e309]" started-at="2026-03-08T20:53:50 IST" name="initBrowser" finished-at="2026-03-08T20:53:58 IST" duration-ms="7803" status="PASS">
          <reporter-output>
          </reporter-output>
        </test-method> <!-- initBrowser -->
        <test-method signature="validUserLogin()[pri:1, instance:com.lwdd.tests.LoginTest@3ce1e309]" started-at="2026-03-08T20:53:58 IST" name="validUserLogin" description="Test case 1: Positive LogIn test" finished-at="2026-03-08T20:54:02 IST" duration-ms="3922" status="PASS">
          <reporter-output>
          </reporter-output>
        </test-method> <!-- validUserLogin -->
        <test-method is-config="true" signature="quiteBrowser()[pri:0, instance:com.lwdd.tests.LoginTest@3ce1e309]" started-at="2026-03-08T20:54:02 IST" name="quiteBrowser" finished-at="2026-03-08T20:54:02 IST" duration-ms="649" status="PASS">
          <reporter-output>
          </reporter-output>
        </test-method> <!-- quiteBrowser -->
      </class> <!-- com.lwdd.tests.LoginTest -->
    </test> <!-- Default test -->
  </suite> <!-- Default suite -->
</testng-results>
